d:\framework-egc-master\visual studio\obj\x64\debug\framework_egc\camerainput.obj
d:\framework-egc-master\visual studio\obj\x64\debug\framework_egc\windowcallbacks.obj
d:\framework-egc-master\visual studio\obj\x64\debug\framework_egc\laborator4.obj
d:\framework-egc-master\visual studio\obj\x64\debug\framework_egc\simplescene.obj
d:\framework-egc-master\visual studio\obj\x64\debug\framework_egc\laborator2.obj
d:\framework-egc-master\visual studio\obj\x64\debug\framework_egc\laborator8.obj
d:\framework-egc-master\visual studio\obj\x64\debug\framework_egc\engine.obj
d:\framework-egc-master\visual studio\obj\x64\debug\framework_egc\gl.obj
d:\framework-egc-master\visual studio\obj\x64\debug\framework_egc\laborator3_vis2d.obj
d:\framework-egc-master\visual studio\obj\x64\debug\framework_egc\laborator9.obj
d:\framework-egc-master\visual studio\obj\x64\debug\framework_egc\gpubuffers.obj
d:\framework-egc-master\visual studio\obj\x64\debug\framework_egc\world.obj
d:\framework-egc-master\visual studio\obj\x64\debug\framework_egc\laborator6.obj
d:\framework-egc-master\visual studio\obj\x64\debug\framework_egc\sceneinput.obj
d:\framework-egc-master\visual studio\obj\x64\debug\framework_egc\windowobject.obj
d:\framework-egc-master\visual studio\obj\x64\debug\framework_egc\laborator5.obj
d:\framework-egc-master\visual studio\obj\x64\debug\framework_egc\texture2d.obj
d:\framework-egc-master\visual studio\obj\x64\debug\framework_egc\texturemanager.obj
d:\framework-egc-master\visual studio\obj\x64\debug\framework_egc\laborator3.obj
d:\framework-egc-master\visual studio\obj\x64\debug\framework_egc\main.obj
d:\framework-egc-master\visual studio\obj\x64\debug\framework_egc\mesh.obj
d:\framework-egc-master\visual studio\obj\x64\debug\framework_egc\laborator1.obj
d:\framework-egc-master\visual studio\obj\x64\debug\framework_egc\laborator7.obj
d:\framework-egc-master\visual studio\obj\x64\debug\framework_egc\shader.obj
d:\framework-egc-master\visual studio\obj\x64\debug\framework_egc\inputcontroller.obj
d:\framework-egc-master\visual studio\obj\x64\debug\framework_egc\object2d.obj
d:\framework-egc-master\visual studio\obj\x64\debug\framework_egc\elice.obj
d:\framework-egc-master\visual studio\obj\x64\debug\framework_egc\plane.obj
d:\framework-egc-master\visual studio\obj\x64\debug\framework_egc\sphere.obj
d:\framework-egc-master\visual studio\obj\x64\debug\framework_egc\vc141.pdb
d:\framework-egc-master\visual studio\obj\x64\debug\framework_egc\sky.obj
d:\framework-egc-master\x64\debug\framework_egc.exe
d:\framework-egc-master\x64\debug\framework_egc.ilk
d:\framework-egc-master\x64\debug\framework_egc.pdb
d:\framework-egc-master\visual studio\..\x64\debug\framework_egc.exe
d:\framework-egc-master\visual studio\obj\x64\debug\framework_egc\framework_egc.tlog\cl.command.1.tlog
d:\framework-egc-master\visual studio\obj\x64\debug\framework_egc\framework_egc.tlog\cl.read.1.tlog
d:\framework-egc-master\visual studio\obj\x64\debug\framework_egc\framework_egc.tlog\cl.write.1.tlog
d:\framework-egc-master\visual studio\obj\x64\debug\framework_egc\framework_egc.tlog\link.command.1.tlog
d:\framework-egc-master\visual studio\obj\x64\debug\framework_egc\framework_egc.tlog\link.read.1.tlog
d:\framework-egc-master\visual studio\obj\x64\debug\framework_egc\framework_egc.tlog\link.write.1.tlog
